<?xml version="1.0" encoding="UTF-8"?>
<!-- Generated by org.testng.reporters.JUnitXMLReporter -->
<testsuite hostname="LAPTOP-5N24SDH4" ignored="0" name="Command line test" tests="15" failures="0" timestamp="10 Jan 2018 01:36:59 GMT" time="20.607" errors="0">
  <testcase name="@BeforeMethod setUp" time="20.556" classname="base.CommonAPI">
    <failure type="org.openqa.selenium.WebDriverException" message="Timed out waiting for driver server to start.
Build info: version: &amp;apos;3.7.1&amp;apos;, revision: &amp;apos;8a0099a&amp;apos;, time: &amp;apos;2017-11-06T21:01:39.354Z&amp;apos;
System info: host: &amp;apos;LAPTOP-5N24SDH4&amp;apos;, ip: &amp;apos;192.168.1.154&amp;apos;, os.name: &amp;apos;Windows 10&amp;apos;, os.arch: &amp;apos;amd64&amp;apos;, os.version: &amp;apos;10.0&amp;apos;, java.version: &amp;apos;1.8.0_131&amp;apos;
Driver info: driver.version: ChromeDriver">
      <![CDATA[org.openqa.selenium.WebDriverException: Timed out waiting for driver server to start.Build info: version: '3.7.1', revision: '8a0099a', time: '2017-11-06T21:01:39.354Z'System info: host: 'LAPTOP-5N24SDH4', ip: '192.168.1.154', os.name: 'Windows 10', os.arch: 'amd64', os.version: '10.0', java.version: '1.8.0_131'Driver info: driver.version: ChromeDriverat org.openqa.selenium.remote.service.DriverService.waitUntilAvailable(DriverService.java:192)at org.openqa.selenium.remote.service.DriverService.start(DriverService.java:178)at org.openqa.selenium.remote.service.DriverCommandExecutor.execute(DriverCommandExecutor.java:79)at org.openqa.selenium.remote.RemoteWebDriver.execute(RemoteWebDriver.java:600)at org.openqa.selenium.remote.RemoteWebDriver.startSession(RemoteWebDriver.java:219)at org.openqa.selenium.remote.RemoteWebDriver.<init>(RemoteWebDriver.java:142)at org.openqa.selenium.chrome.ChromeDriver.<init>(ChromeDriver.java:181)at org.openqa.selenium.chrome.ChromeDriver.<init>(ChromeDriver.java:168)at org.openqa.selenium.chrome.ChromeDriver.<init>(ChromeDriver.java:123)at base.CommonAPI.getLocalDriver(CommonAPI.java:63)at base.CommonAPI.setUp(CommonAPI.java:49)Caused by: org.openqa.selenium.net.UrlChecker$TimeoutException: Timed out waiting for [http://localhost:38090/status] to be available after 20002 msat org.openqa.selenium.net.UrlChecker.waitUntilAvailable(UrlChecker.java:100)at org.openqa.selenium.remote.service.DriverService.waitUntilAvailable(DriverService.java:187)... 47 moreCaused by: java.util.concurrent.TimeoutExceptionat java.util.concurrent.FutureTask.get(FutureTask.java:205)at com.google.common.util.concurrent.SimpleTimeLimiter.callWithTimeout(SimpleTimeLimiter.java:147)at org.openqa.selenium.net.UrlChecker.waitUntilAvailable(UrlChecker.java:75)... 48 more... Removed 37 stack frames]]>
    </failure>
  </testcase> <!-- @BeforeMethod setUp -->
  <testcase name="@AfterMethod cleanUp" time="0.0" classname="base.CommonAPI">
    <skipped/>
  </testcase> <!-- @AfterMethod cleanUp -->
  <testcase name="@BeforeMethod setUp" time="0.0" classname="base.CommonAPI">
    <skipped/>
  </testcase> <!-- @BeforeMethod setUp -->
  <testcase name="@AfterMethod cleanUp" time="0.0" classname="base.CommonAPI">
    <skipped/>
  </testcase> <!-- @AfterMethod cleanUp -->
  <testcase name="@BeforeMethod setUp" time="0.0" classname="base.CommonAPI">
    <skipped/>
  </testcase> <!-- @BeforeMethod setUp -->
  <testcase name="@AfterMethod cleanUp" time="0.0" classname="base.CommonAPI">
    <skipped/>
  </testcase> <!-- @AfterMethod cleanUp -->
  <testcase name="@BeforeMethod setUp" time="0.0" classname="base.CommonAPI">
    <skipped/>
  </testcase> <!-- @BeforeMethod setUp -->
  <testcase name="@AfterMethod cleanUp" time="0.0" classname="base.CommonAPI">
    <skipped/>
  </testcase> <!-- @AfterMethod cleanUp -->
  <testcase name="@BeforeMethod setUp" time="0.0" classname="base.CommonAPI">
    <skipped/>
  </testcase> <!-- @BeforeMethod setUp -->
  <testcase name="@AfterMethod cleanUp" time="0.0" classname="base.CommonAPI">
    <skipped/>
  </testcase> <!-- @AfterMethod cleanUp -->
  <testcase name="@BeforeMethod setUp" time="0.0" classname="base.CommonAPI">
    <skipped/>
  </testcase> <!-- @BeforeMethod setUp -->
  <testcase name="@AfterMethod cleanUp" time="0.0" classname="base.CommonAPI">
    <skipped/>
  </testcase> <!-- @AfterMethod cleanUp -->
  <testcase name="@BeforeMethod setUp" time="0.0" classname="base.CommonAPI">
    <skipped/>
  </testcase> <!-- @BeforeMethod setUp -->
  <testcase name="@AfterMethod cleanUp" time="0.0" classname="base.CommonAPI">
    <skipped/>
  </testcase> <!-- @AfterMethod cleanUp -->
  <testcase name="@BeforeMethod setUp" time="0.0" classname="base.CommonAPI">
    <skipped/>
  </testcase> <!-- @BeforeMethod setUp -->
  <testcase name="@AfterMethod cleanUp" time="0.0" classname="base.CommonAPI">
    <skipped/>
  </testcase> <!-- @AfterMethod cleanUp -->
  <testcase name="@BeforeMethod setUp" time="0.0" classname="base.CommonAPI">
    <skipped/>
  </testcase> <!-- @BeforeMethod setUp -->
  <testcase name="@AfterMethod cleanUp" time="0.0" classname="base.CommonAPI">
    <skipped/>
  </testcase> <!-- @AfterMethod cleanUp -->
  <testcase name="@BeforeMethod setUp" time="0.0" classname="base.CommonAPI">
    <skipped/>
  </testcase> <!-- @BeforeMethod setUp -->
  <testcase name="@AfterMethod cleanUp" time="0.0" classname="base.CommonAPI">
    <skipped/>
  </testcase> <!-- @AfterMethod cleanUp -->
  <testcase name="@BeforeMethod setUp" time="0.0" classname="base.CommonAPI">
    <skipped/>
  </testcase> <!-- @BeforeMethod setUp -->
  <testcase name="@AfterMethod cleanUp" time="0.0" classname="base.CommonAPI">
    <skipped/>
  </testcase> <!-- @AfterMethod cleanUp -->
  <testcase name="@BeforeMethod setUp" time="0.0" classname="base.CommonAPI">
    <skipped/>
  </testcase> <!-- @BeforeMethod setUp -->
  <testcase name="@AfterMethod cleanUp" time="0.0" classname="base.CommonAPI">
    <skipped/>
  </testcase> <!-- @AfterMethod cleanUp -->
  <testcase name="@BeforeMethod setUp" time="0.0" classname="base.CommonAPI">
    <skipped/>
  </testcase> <!-- @BeforeMethod setUp -->
  <testcase name="@AfterMethod cleanUp" time="0.0" classname="base.CommonAPI">
    <skipped/>
  </testcase> <!-- @AfterMethod cleanUp -->
  <testcase name="@BeforeMethod setUp" time="0.0" classname="base.CommonAPI">
    <skipped/>
  </testcase> <!-- @BeforeMethod setUp -->
  <testcase name="@AfterMethod cleanUp" time="0.0" classname="base.CommonAPI">
    <skipped/>
  </testcase> <!-- @AfterMethod cleanUp -->
  <testcase name="@BeforeMethod setUp" time="0.0" classname="base.CommonAPI">
    <skipped/>
  </testcase> <!-- @BeforeMethod setUp -->
  <testcase name="@AfterMethod cleanUp" time="0.0" classname="base.CommonAPI">
    <skipped/>
  </testcase> <!-- @AfterMethod cleanUp -->
  <testcase name="testViewFields01" time="0.0" classname="home.TestViewFields">
    <skipped/>
  </testcase> <!-- testViewFields01 -->
  <testcase name="testViewFields02" time="0.0" classname="home.TestViewFields">
    <skipped/>
  </testcase> <!-- testViewFields02 -->
  <testcase name="testViewFields03" time="0.0" classname="home.TestViewFields">
    <skipped/>
  </testcase> <!-- testViewFields03 -->
  <testcase name="testViewFields04" time="0.0" classname="home.TestViewFields">
    <skipped/>
  </testcase> <!-- testViewFields04 -->
  <testcase name="testViewFields05" time="0.0" classname="home.TestViewFields">
    <skipped/>
  </testcase> <!-- testViewFields05 -->
  <testcase name="testViewFields06" time="0.0" classname="home.TestViewFields">
    <skipped/>
  </testcase> <!-- testViewFields06 -->
  <testcase name="testViewFields07" time="0.0" classname="home.TestViewFields">
    <skipped/>
  </testcase> <!-- testViewFields07 -->
  <testcase name="testViewFields08" time="0.0" classname="home.TestViewFields">
    <skipped/>
  </testcase> <!-- testViewFields08 -->
  <testcase name="testViewFields09" time="0.0" classname="home.TestViewFields">
    <skipped/>
  </testcase> <!-- testViewFields09 -->
  <testcase name="testViewFields10" time="0.0" classname="home.TestViewFields">
    <skipped/>
  </testcase> <!-- testViewFields10 -->
  <testcase name="testHorizonPage11" time="0.0" classname="home.TestViewFields">
    <skipped/>
  </testcase> <!-- testHorizonPage11 -->
  <testcase name="testProviderNetwork12" time="0.0" classname="home.TestViewFields">
    <skipped/>
  </testcase> <!-- testProviderNetwork12 -->
  <testcase name="testImageProviderNetwork13" time="0.0" classname="home.TestViewFields">
    <skipped/>
  </testcase> <!-- testImageProviderNetwork13 -->
  <testcase name="testSearchProviderDirectory14" time="0.0" classname="home.TestViewFields">
    <skipped/>
  </testcase> <!-- testSearchProviderDirectory14 -->
  <testcase name="testProviderSearch15" time="0.0" classname="home.TestViewFields">
    <skipped/>
  </testcase> <!-- testProviderSearch15 -->
</testsuite> <!-- Command line test -->
