<?xml version="1.0" encoding="UTF-8"?>
<!-- Generated by org.testng.reporters.JUnitXMLReporter -->
<testsuite hostname="LAPTOP-5N24SDH4" ignored="0" name="Horizon" tests="15" failures="0" timestamp="11 Jan 2018 02:57:08 GMT" time="141.122" errors="0">
  <testcase name="testViewFields01" time="0.016" classname="home.TestViewFields"/>
  <testcase name="testViewFields02" time="1.175" classname="home.TestViewFields"/>
  <testcase name="testViewFields03" time="0.072" classname="home.TestViewFields"/>
  <testcase name="testViewFields04" time="2.544" classname="home.TestViewFields"/>
  <testcase name="testViewFields05" time="2.465" classname="home.TestViewFields"/>
  <testcase name="testViewFields06" time="4.539" classname="home.TestViewFields"/>
  <testcase name="testViewFields07" time="1.571" classname="home.TestViewFields"/>
  <testcase name="testViewFields08" time="3.303" classname="home.TestViewFields"/>
  <testcase name="testViewFields09" time="2.641" classname="home.TestViewFields"/>
  <testcase name="testViewFields10" time="0.092" classname="home.TestViewFields"/>
  <testcase name="testHorizonPage11" time="1.343" classname="home.TestViewFields"/>
  <testcase name="testProviderNetwork12" time="2.182" classname="home.TestViewFields"/>
  <testcase name="testImageProviderNetwork13" time="2.257" classname="home.TestViewFields"/>
  <testcase name="testSearchProviderDirectory14" time="2.368" classname="home.TestViewFields"/>
  <testcase name="testProviderSearch15" time="4.775" classname="home.TestViewFields"/>
</testsuite> <!-- Horizon -->
