<?xml version="1.0" encoding="UTF-8" ?>
<testsuite tests="45" failures="1" name="home.TestViewFields" time="985.951" errors="0" skipped="44">
  <properties>
[...]
</properties>
  <testcase classname="home.TestViewFields" name="setUp" time="21.905">
    <failure message="Timed out waiting for driver server to start.
Build info: version: &apos;3.7.1&apos;, revision: &apos;8a0099a&apos;, time: &apos;2017-11-06T21:01:39.354Z&apos;
System info: host: &apos;LAPTOP-5N24SDH4&apos;, ip: &apos;192.168.1.154&apos;, os.name: &apos;Windows 10&apos;, os.arch: &apos;amd64&apos;, os.version: &apos;10.0&apos;, java.version: &apos;1.8.0_131&apos;
Driver info: driver.version: ChromeDriver" type="org.openqa.selenium.WebDriverException">org.openqa.selenium.WebDriverException: Timed out waiting for driver server to start.
Build info: version: &apos;3.7.1&apos;, revision: &apos;8a0099a&apos;, time: &apos;2017-11-06T21:01:39.354Z&apos;
System info: host: &apos;LAPTOP-5N24SDH4&apos;, ip: &apos;192.168.1.154&apos;, os.name: &apos;Windows 10&apos;, os.arch: &apos;amd64&apos;, os.version: &apos;10.0&apos;, java.version: &apos;1.8.0_131&apos;
Driver info: driver.version: ChromeDriver
	at org.openqa.selenium.remote.service.DriverService.waitUntilAvailable(DriverService.java:192)
	at org.openqa.selenium.remote.service.DriverService.start(DriverService.java:178)
	at org.openqa.selenium.remote.service.DriverCommandExecutor.execute(DriverCommandExecutor.java:79)
	at org.openqa.selenium.remote.RemoteWebDriver.execute(RemoteWebDriver.java:600)
	at org.openqa.selenium.remote.RemoteWebDriver.startSession(RemoteWebDriver.java:219)
	at org.openqa.selenium.remote.RemoteWebDriver.&lt;init&gt;(RemoteWebDriver.java:142)
	at org.openqa.selenium.chrome.ChromeDriver.&lt;init&gt;(ChromeDriver.java:181)
	at org.openqa.selenium.chrome.ChromeDriver.&lt;init&gt;(ChromeDriver.java:168)
	at org.openqa.selenium.chrome.ChromeDriver.&lt;init&gt;(ChromeDriver.java:123)
	at base.CommonAPI.getLocalDriver(CommonAPI.java:63)
	at base.CommonAPI.setUp(CommonAPI.java:49)
	at sun.reflect.NativeMethodAccessorImpl.invoke0(Native Method)
	at sun.reflect.NativeMethodAccessorImpl.invoke(NativeMethodAccessorImpl.java:62)
	at sun.reflect.DelegatingMethodAccessorImpl.invoke(DelegatingMethodAccessorImpl.java:43)
	at java.lang.reflect.Method.invoke(Method.java:498)
	at org.testng.internal.MethodInvocationHelper.invokeMethod(MethodInvocationHelper.java:124)
	at org.testng.internal.MethodInvocationHelper.invokeMethodConsideringTimeout(MethodInvocationHelper.java:59)
	at org.testng.internal.Invoker.invokeConfigurationMethod(Invoker.java:451)
	at org.testng.internal.Invoker.invokeConfigurations(Invoker.java:222)
	at org.testng.internal.Invoker.invokeMethod(Invoker.java:516)
	at org.testng.internal.Invoker.invokeTestMethod(Invoker.java:707)
	at org.testng.internal.Invoker.invokeTestMethods(Invoker.java:979)
	at org.testng.internal.TestMethodWorker.invokeTestMethods(TestMethodWorker.java:125)
	at org.testng.internal.TestMethodWorker.run(TestMethodWorker.java:109)
	at org.testng.TestRunner.privateRun(TestRunner.java:648)
	at org.testng.TestRunner.run(TestRunner.java:505)
	at org.testng.SuiteRunner.runTest(SuiteRunner.java:455)
	at org.testng.SuiteRunner.runSequentially(SuiteRunner.java:450)
	at org.testng.SuiteRunner.privateRun(SuiteRunner.java:415)
	at org.testng.SuiteRunner.run(SuiteRunner.java:364)
	at org.testng.SuiteRunnerWorker.runSuite(SuiteRunnerWorker.java:52)
	at org.testng.SuiteRunnerWorker.run(SuiteRunnerWorker.java:84)
	at org.testng.TestNG.runSuitesSequentially(TestNG.java:1187)
	at org.testng.TestNG.runSuitesLocally(TestNG.java:1116)
	at org.testng.TestNG.runSuites(TestNG.java:1028)
	at org.testng.TestNG.run(TestNG.java:996)
	at org.apache.maven.surefire.testng.TestNGExecutor.run(TestNGExecutor.java:77)
	at org.apache.maven.surefire.testng.TestNGDirectoryTestSuite.execute(TestNGDirectoryTestSuite.java:110)
	at org.apache.maven.surefire.testng.TestNGProvider.invoke(TestNGProvider.java:106)
	at sun.reflect.NativeMethodAccessorImpl.invoke0(Native Method)
	at sun.reflect.NativeMethodAccessorImpl.invoke(NativeMethodAccessorImpl.java:62)
	at sun.reflect.DelegatingMethodAccessorImpl.invoke(DelegatingMethodAccessorImpl.java:43)
	at java.lang.reflect.Method.invoke(Method.java:498)
	at org.apache.maven.surefire.util.ReflectionUtils.invokeMethodWithArray(ReflectionUtils.java:189)
	at org.apache.maven.surefire.booter.ProviderFactory$ProviderProxy.invoke(ProviderFactory.java:165)
	at org.apache.maven.surefire.booter.ProviderFactory.invokeProvider(ProviderFactory.java:85)
	at org.apache.maven.surefire.booter.ForkedBooter.runSuitesInProcess(ForkedBooter.java:115)
	at org.apache.maven.surefire.booter.ForkedBooter.main(ForkedBooter.java:75)
Caused by: org.openqa.selenium.net.UrlChecker$TimeoutException: Timed out waiting for [http://localhost:38090/status] to be available after 20002 ms
	at org.openqa.selenium.net.UrlChecker.waitUntilAvailable(UrlChecker.java:100)
	at org.openqa.selenium.remote.service.DriverService.waitUntilAvailable(DriverService.java:187)
	... 47 more
Caused by: java.util.concurrent.TimeoutException
	at java.util.concurrent.FutureTask.get(FutureTask.java:205)
	at com.google.common.util.concurrent.SimpleTimeLimiter.callWithTimeout(SimpleTimeLimiter.java:147)
	at org.openqa.selenium.net.UrlChecker.waitUntilAvailable(UrlChecker.java:75)
	... 48 more
Caused by: org.openqa.selenium.net.UrlChecker$TimeoutException: Timed out waiting for [http://localhost:38090/status] to be available after 20002 ms
	at org.openqa.selenium.net.UrlChecker.waitUntilAvailable(UrlChecker.java:100)
	at org.openqa.selenium.remote.service.DriverService.waitUntilAvailable(DriverService.java:187)
	... 47 more
Caused by: java.util.concurrent.TimeoutException
	at java.util.concurrent.FutureTask.get(FutureTask.java:205)
	at com.google.common.util.concurrent.SimpleTimeLimiter.callWithTimeout(SimpleTimeLimiter.java:147)
	at org.openqa.selenium.net.UrlChecker.waitUntilAvailable(UrlChecker.java:75)
	... 48 more
</failure>
    <system-out>Configuring TestNG with: org.apache.maven.surefire.testng.conf.TestNG652Configurator@59f95c5d
</system-out>
    <system-err>Jan 09, 2018 8:36:58 PM org.openqa.selenium.os.OsProcess checkForError
SEVERE: org.apache.commons.exec.ExecuteException: Execution failed (Exit value: -559038737. Caused by java.io.IOException: Cannot run program &quot;C:\Users\shumon\Desktop\Team 2 new\Team2WebAutomation\Generic\driver\chromedriver&quot; (in directory &quot;.&quot;): CreateProcess error=193, %1 is not a valid Win32 application)
</system-err>
  </testcase>
  <testcase classname="home.TestViewFields" name="testViewFields01" time="21.905">
    <skipped/>
  </testcase>
  <testcase classname="home.TestViewFields" name="cleanUp" time="21.905">
    <skipped/>
  </testcase>
  <testcase classname="home.TestViewFields" name="setUp" time="21.905">
    <skipped/>
  </testcase>
  <testcase classname="home.TestViewFields" name="testViewFields02" time="21.905">
    <skipped/>
  </testcase>
  <testcase classname="home.TestViewFields" name="cleanUp" time="21.905">
    <skipped/>
  </testcase>
  <testcase classname="home.TestViewFields" name="setUp" time="21.905">
    <skipped/>
  </testcase>
  <testcase classname="home.TestViewFields" name="testViewFields03" time="21.905">
    <skipped/>
  </testcase>
  <testcase classname="home.TestViewFields" name="cleanUp" time="21.905">
    <skipped/>
  </testcase>
  <testcase classname="home.TestViewFields" name="setUp" time="21.905">
    <skipped/>
  </testcase>
  <testcase classname="home.TestViewFields" name="testViewFields04" time="21.905">
    <skipped/>
  </testcase>
  <testcase classname="home.TestViewFields" name="cleanUp" time="21.905">
    <skipped/>
  </testcase>
  <testcase classname="home.TestViewFields" name="setUp" time="21.905">
    <skipped/>
  </testcase>
  <testcase classname="home.TestViewFields" name="testViewFields05" time="21.905">
    <skipped/>
  </testcase>
  <testcase classname="home.TestViewFields" name="cleanUp" time="21.905">
    <skipped/>
  </testcase>
  <testcase classname="home.TestViewFields" name="setUp" time="21.905">
    <skipped/>
  </testcase>
  <testcase classname="home.TestViewFields" name="testViewFields06" time="21.905">
    <skipped/>
  </testcase>
  <testcase classname="home.TestViewFields" name="cleanUp" time="21.905">
    <skipped/>
  </testcase>
  <testcase classname="home.TestViewFields" name="setUp" time="21.905">
    <skipped/>
  </testcase>
  <testcase classname="home.TestViewFields" name="testViewFields07" time="21.905">
    <skipped/>
  </testcase>
  <testcase classname="home.TestViewFields" name="cleanUp" time="21.905">
    <skipped/>
  </testcase>
  <testcase classname="home.TestViewFields" name="setUp" time="21.905">
    <skipped/>
  </testcase>
  <testcase classname="home.TestViewFields" name="testViewFields08" time="21.905">
    <skipped/>
  </testcase>
  <testcase classname="home.TestViewFields" name="cleanUp" time="21.905">
    <skipped/>
  </testcase>
  <testcase classname="home.TestViewFields" name="setUp" time="21.905">
    <skipped/>
  </testcase>
  <testcase classname="home.TestViewFields" name="testViewFields09" time="21.905">
    <skipped/>
  </testcase>
  <testcase classname="home.TestViewFields" name="cleanUp" time="21.905">
    <skipped/>
  </testcase>
  <testcase classname="home.TestViewFields" name="setUp" time="21.905">
    <skipped/>
  </testcase>
  <testcase classname="home.TestViewFields" name="testViewFields10" time="21.905">
    <skipped/>
  </testcase>
  <testcase classname="home.TestViewFields" name="cleanUp" time="21.905">
    <skipped/>
  </testcase>
  <testcase classname="home.TestViewFields" name="setUp" time="21.905">
    <skipped/>
  </testcase>
  <testcase classname="home.TestViewFields" name="testHorizonPage11" time="21.905">
    <skipped/>
  </testcase>
  <testcase classname="home.TestViewFields" name="cleanUp" time="21.92">
    <skipped/>
  </testcase>
  <testcase classname="home.TestViewFields" name="setUp" time="21.921">
    <skipped/>
  </testcase>
  <testcase classname="home.TestViewFields" name="testProviderNetwork12" time="21.921">
    <skipped/>
  </testcase>
  <testcase classname="home.TestViewFields" name="cleanUp" time="21.921">
    <skipped/>
  </testcase>
  <testcase classname="home.TestViewFields" name="setUp" time="21.922">
    <skipped/>
  </testcase>
  <testcase classname="home.TestViewFields" name="testImageProviderNetwork13" time="21.922">
    <skipped/>
  </testcase>
  <testcase classname="home.TestViewFields" name="cleanUp" time="21.922">
    <skipped/>
  </testcase>
  <testcase classname="home.TestViewFields" name="setUp" time="21.923">
    <skipped/>
  </testcase>
  <testcase classname="home.TestViewFields" name="testSearchProviderDirectory14" time="21.923">
    <skipped/>
  </testcase>
  <testcase classname="home.TestViewFields" name="cleanUp" time="21.923">
    <skipped/>
  </testcase>
  <testcase classname="home.TestViewFields" name="setUp" time="21.924">
    <skipped/>
  </testcase>
  <testcase classname="home.TestViewFields" name="testProviderSearch15" time="21.924">
    <skipped/>
  </testcase>
  <testcase classname="home.TestViewFields" name="cleanUp" time="21.925">
    <skipped/>
  </testcase>
</testsuite>